<?xml version="1.0" encoding="UTF-8"?>
<!-- Generated by org.testng.reporters.JUnitXMLReporter -->
<testsuite ignored="0" hostname="DESKTOP-NPJ3Q09" failures="1" tests="4" name="RegressionTests" time="31.034" errors="0" timestamp="2025-10-01T18:29:07 IST">
  <testcase classname="Selenium_Introduction.SyncWaits.LearningWaits" name="buttonDisabled" time="0.282">
    <failure type="java.lang.AssertionError" message="❌ Checkout button should be disabled expected [false] but found [true]">
      <![CDATA[java.lang.AssertionError: ❌ Checkout button should be disabled expected [false] but found [true]
at Selenium_Introduction.SyncWaits.LearningWaits.buttonDisabled(LearningWaits.java:81)
at java.base/java.util.ArrayList.forEach(ArrayList.java:1596)
... Removed 28 stack frames]]>
    </failure>
  </testcase> <!-- buttonDisabled -->
  <testcase classname="Selenium_Introduction.SyncWaits.LearningWaits" name="addToCartItem" time="6.86"/>
  <testcase classname="Selenium_Introduction.SyncWaits.SearchItems" name="searchItemsAndAddToCart" time="11.644"/>
  <testcase classname="Selenium_Introduction.SyncWaits.SearchItems" name="productPrice" time="6.487"/>
</testsuite> <!-- RegressionTests -->
