<?xml version="1.0" encoding="UTF-8"?>
<testng-results ignored="0" total="1" passed="1" failed="0" skipped="0">
  <reporter-output>
  </reporter-output>
  <suite started-at="2025-09-30T17:24:09 IST" name="Default suite" finished-at="2025-09-30T17:24:24 IST" duration-ms="15458">
    <groups>
    </groups>
    <test started-at="2025-09-30T17:24:09 IST" name="Default test" finished-at="2025-09-30T17:24:24 IST" duration-ms="15458">
      <class name="Selenium_Introduction.SyncWaits.SearchItems">
        <test-method is-config="true" signature="driverSetup()[pri:0, instance:Selenium_Introduction.SyncWaits.SearchItems@3d2ee678]" started-at="2025-09-30T17:24:09 IST" name="driverSetup" finished-at="2025-09-30T17:24:12 IST" duration-ms="2778" status="PASS">
          <reporter-output>
          </reporter-output>
        </test-method> <!-- driverSetup -->
        <test-method signature="searchItemsAndAddToCart()[pri:0, instance:Selenium_Introduction.SyncWaits.SearchItems@3d2ee678]" started-at="2025-09-30T17:24:12 IST" name="searchItemsAndAddToCart" finished-at="2025-09-30T17:24:24 IST" duration-ms="12422" status="PASS">
          <reporter-output>
          </reporter-output>
        </test-method> <!-- searchItemsAndAddToCart -->
        <test-method is-config="true" signature="tearDown()[pri:0, instance:Selenium_Introduction.SyncWaits.SearchItems@3d2ee678]" started-at="2025-09-30T17:24:24 IST" name="tearDown" finished-at="2025-09-30T17:24:24 IST" duration-ms="197" status="PASS">
          <reporter-output>
          </reporter-output>
        </test-method> <!-- tearDown -->
      </class> <!-- Selenium_Introduction.SyncWaits.SearchItems -->
    </test> <!-- Default test -->
  </suite> <!-- Default suite -->
</testng-results>
